make.exe all --print-data-base --no-builtin-variables --no-builtin-rules --question
# GNU Make 3.82.90
# Built for i686-pc-mingw32
# Copyright (C) 1988-2012 Free Software Foundation, Inc.
# License GPLv3+: GNU GPL version 3 or later <http://gnu.org/licenses/gpl.html>
# This is free software: you are free to change and redistribute it.
# There is NO WARRANTY, to the extent permitted by law.
 

# Make data base, printed on Tue Aug 09 08:35:56 2022

# Variables

# automatic
<D = $(patsubst %/,%,$(patsubst %\,%,$(dir $<)))
# automatic
?F = $(notdir $?)
# environment
CUDA_PATH_V11_6 = C:\Program Files\NVIDIA GPU Computing Toolkit\CUDA\v11.6
# default
.SHELLFLAGS := -c
# makefile
MAKEFLAGS = Rrqp
# automatic
?D = $(patsubst %/,%,$(patsubst %\,%,$(dir $?)))
# automatic
@D = $(patsubst %/,%,$(patsubst %\,%,$(dir $@)))
# environment
HOMEDRIVE = C:
# automatic
@F = $(notdir $@)
# automatic
^D = $(patsubs 
t %/,%,$(patsubst %\,%,$(dir $^)))
# makefile
CURDIR := g:/Meu Drive/IFNMG/Aulas/2022-02/OSA/Praticas/Makefile/ProjetoGrande_Makefile
# default
SHELL := sh.exe
# makefile (from 'makefile', line 39)
RM := del /q /f
# environment
WINDIR = C:\Windows
# environment
VSCODE_NLS_CONFIG = {"locale":"pt-br","availableLanguages":{"*":"pt-br"},"_languagePackId":"dc7ba51c4efcfec965eaa07de065afd6.pt-br","_translationsConfigFile":"C:\\Users\\wbarr\\AppData\\Roaming\\Code\\clp\\dc7ba51c4efcfec965eaa07de065afd6.pt-br\\tcf.json","_cacheRoot":"C:\\Users\\wbarr\\AppData\\Roaming\\Code\\clp\\dc7ba51c4efcfec965eaa07de065afd6.pt-br","_resolvedLanguagePackCoreLocation":"C:\\Users\\wbarr\\AppData\\Roaming\\Code\\clp\\dc7ba51c4efcfec965eaa07de065afd6.pt-br\\da76f93349a72022ca4670c1b84860304616aaa2","_corruptedFile":"C:\\Users\\wbarr\\AppData\\Roaming\\Code\\clp\\dc7ba51c4efcfec965eaa07de065afd6.pt-br\\corrupted.info","_languagePackSupport":true}
# environment
ONEDRIVE = C:\Users\wbarr\OneDrive
# environment
PATHEXT = .COM;.EXE;.BAT;.CMD;.VBS;.VBE;.JS;.JSE;.WSF;.WSH;.MSC;.PY;.PYW
# makefile (from 'makefile', line 1)
MAKEFILE_LIST :=  makefile
# makefile (from 'makefile', line 28)
DEBUG := -g
# environment
TMP = C:\Users\wbarr\AppData\Local\Temp
# environment
PROGRAMW6432 = C:\Program Files
# environment
PROGRAMDATA = C:\ProgramData
# environment
VSCODE_CWD = C:\Users\wbarr\AppData\Local\Programs\Microsoft VS Code
# makefile (from 'makefile', line 31)
MATH := -lm
# environment
PATH = C:\Program Files\NVIDIA GPU Computing Toolkit\CUDA\v11.6\bin;C:\Program Files\NVIDIA GPU Computing Toolkit\CUDA\v11.6\libnvvp;C:\Windows\system32;C:\Windows;C:\Windows\System32\Wbem;C:\Windows\System32\WindowsPowerShell\v1.0\;C:\Windows\System32\OpenSSH\;C:\Program Files\NVIDIA Corporation\NVIDIA NvDLISR;C:\Program Files (x86)\NVIDIA Corporation\PhysX\Common;C:\MinGW\bin;C:\Program Files\MATLAB\R2018a\runtime\win64;C:\Program Files\MATLAB\R2018a\bin;C:\Program Files\CMake\bin;C:\Program Files\NVIDIA Corporation\Nsight Compute 2022.1.1\;C:\Users\wbarr\AppData\Roaming\Python\Python310\Scripts;C:\Program Files\Python310;C:\Program Files\Python310\Scripts;C:\Users\wbarr\AppData\Local\Microsoft\WindowsApps;C:\Users\wbarr\AppData\Local\Programs\Microsoft VS Code\bin;C:\MinGW\bin;C:\Users\wbarr\AppData\Roaming\Python\Python310\Scripts;
# environment
COMMONPROGRAMW6432 = C:\Program Files\Common Files
# environment
PROCESSOR_ARCHITECTURE = x86
# environment
USERPROFILE = C:\Users\wbarr
# environment
ALLUSERSPROFILE = C:\ProgramData
# environment
NUMBER_OF_PROCESSORS = 8
# environment
ELECTRON_RUN_AS_NODE = 1
# default
.FEATURES := target-specific order-only second-expansion else-if shortest-stem undefine oneshell archives jobserver
# environment
NVTOOLSEXT_PATH = C:\Program Files\NVIDIA Corporation\NvToolsExt\
# automatic
%F = $(notdir $%)
# environment
CHROME_CRASHPAD_PIPE_NAME = \\.\pipe\crashpad_1700_PVSGBRBXJUNIYLCC
# environment
COMPUTERNAME = KW-ACER-VX5
# environment
PROGRAMFILES = C:\Program Files (x86)
# makefile (from 'makefile', line 38)
OUTPUTMAIN := main.exe
# environment
DRIVERDATA = C:\Windows\System32\Drivers\DriverData
# environment
ORIGINAL_XDG_CURRENT_DESKTOP = undefined
# environment
USERNAME = wbarr
# environment
PUBLIC = C:\Users\Public
# environment
VSCODE_AMD_ENTRYPOINT = vs/workbench/api/node/extensionHostProcess
# environment
VSCODE_CODE_CACHE_PATH = C:\Users\wbarr\AppData\Roaming\Code\CachedData\da76f93349a72022ca4670c1b84860304616aaa2
# environment
APPLICATION_INSIGHTS_NO_DIAGNOSTIC_CHANNEL = 1
# environment
COMMONPROGRAMFILES = C:\Program Files (x86)\Common Files
# environment
LOGONSERVER = \\KW-ACER-VX5
# environment
VSCODE_HANDLES_UNCAUGHT_ERRORS = true
# environment
USERDOMAIN = KW-ACER-VX5
# environment
MAKELEVEL := 0
# default
MAKE = $(MAKE_COMMAND)
# default
MAKECMDGOALS := all
# makefile (from 'makefile', line 34)
CC := g++
# default
MAKE_VERSION := 3.82.90
# makefile
.DEFAULT_GOAL := all
# environment
PROGRAMFILES(X86) = C:\Program Files (x86)
# automatic
%D = $(patsubst %/,%,$(patsubst %\,%,$(dir $%)))
# environment
LOCALAPPDATA = C:\Users\wbarr\AppData\Local
# environment
PSMODULEPATH = C:\Program Files\WindowsPowerShell\Modules;C:\Windows\system32\WindowsPowerShell\v1.0\Modules
# default
MAKE_COMMAND := make.exe
# environment
PROCESSOR_ARCHITEW6432 = AMD64
# default
.VARIABLES := 
# automatic
*F = $(notdir $*)
# environment
PROCESSOR_IDENTIFIER = Intel64 Family 6 Model 158 Stepping 9, GenuineIntel
# environment
OS = Windows_NT
# environment
VSCODE_IPC_HOOK = \\.\pipe\ed4dc4d79d01c7fb27fb3d6c6755b904-1.70.0-main-sock
# environment
HOMEPATH = \Users\wbarr
# environment
COMMONPROGRAMFILES(X86) = C:\Program Files (x86)\Common Files
# environment
PROMPT = $P$G
# environment
MFLAGS = -Rrqp
# automatic
*D = $(patsubst %/,%,$(patsubst %\,%,$(dir $*)))
# makefile (from 'makefile', line 19)
MAIN := main
# environment
SYSTEMROOT = C:\Windows
# automatic
+D = $(patsubst %/,%,$(patsubst %\,%,$(dir $+)))
# automatic
+F = $(notdir $+)
# environment
APPDATA = C:\Users\wbarr\AppData\Roaming
# environment
__COMPAT_LAYER = DetectorsAppHealth
# environment
TEMP = C:\Users\wbarr\AppData\Local\Temp
# environment
COMSPEC = C:\Windows\system32\cmd.exe
# default
MAKEFILES := 
# automatic
<F = $(notdir $<)
# environment
LC_ALL = C
# automatic
^F = $(notdir $^)
# environment
CUDA_PATH = C:\Program Files\NVIDIA GPU Computing Toolkit\CUDA\v11.6
# default
SUFFIXES := 
# environment
SYSTEMDRIVE = C:
# environment
SESSIONNAME = Console
# makefile (from 'makefile', line 25)
FLAGS := -Wall -Wextra -std=c++17make  -pedantic-errors
# environment
PROCESSOR_REVISION = 9e09
# default
.INCLUDE_DIRS = C:/MinGW/include
# default
.RECIPEPREFIX := 
# makefile (from 'makefile', line 21)
OBJECTS := main.o myFunc1.o myFunc2.o myFunc3.o
# environment
LANG = C
# environment
PROCESSOR_LEVEL = 6
# environment
VSCODE_PID = 1700
# environment
USERDOMAIN_ROAMINGPROFILE = KW-ACER-VX5
# variable set hash-table stats:
# Load=96/1024=9%, Rehash=0, Collisions=11/126=9%

# Pattern-specific Variable Values

# No pattern-specific variable values.

# Directories

# C:\Program Files\NVIDIA Corporation\NVIDIA NvDLISR (key C:/Program Files/NVIDIA Corporation/NVIDIA NvDLISR, mtime 1644934277): 5 files, no impossibilities.
# C:\Program Files\Python310\Scripts (key C:/Program Files/Python310/Scripts, mtime 1657182077): 8 files, no impossibilities.
# C:\Windows\System32\WindowsPowerShell\v1.0\ (key C:/Windows/System32/WindowsPowerShell/v1.0/, mtime 1633527614): 29 files, no impossibilities.
# . (key g:/Meu Drive/IFNMG/Aulas/2022-02/OSA/Praticas/Makefile/ProjetoGrande_Makefile, mtime 1660044955): 12 files, no impossibilities.
# C:\Program Files\NVIDIA Corporation\Nsight Compute 2022.1.1\ (key C:/Program Files/NVIDIA Corporation/Nsight Compute 2022.1.1/, mtime 1649684290): 12 files, no impossibilities.
# C:\Program Files\NVIDIA GPU Computing Toolkit\CUDA\v11.6\libnvvp (key C:/Program Files/NVIDIA GPU Computing Toolkit/CUDA/v11.6/libnvvp, mtime 1649684316): 14 files, no impossibilities.
# C:\Windows\System32\OpenSSH\: could not be stat'd.
# C:\MinGW\bin (key C:/MinGW/bin, mtime 1645022635): 128 files, no impossibilities.
# C:\Program Files (x86)\NVIDIA Corporation\PhysX\Common (key C:/Program Files (x86)/NVIDIA Corporation/PhysX/Common, mtime 1644934718): 10 files, no impossibilities.
# C:\Program Files\CMake\bin (key C:/Program Files/CMake/bin, mtime 1649682295): 7 files, no impossibilities.
# C:\Users\wbarr\AppData\Roaming\Python\Python310\Scripts (key C:/Users/wbarr/AppData/Roaming/Python/Python310/Scripts, mtime 1657182074): 44 files, no impossibilities.
# C:\Windows (key C:/Windows, mtime 1660042825): 110 files, no impossibilities.
# C:\Program Files\MATLAB\R2018a\bin (key C:/Program Files/MATLAB/R2018a/bin, mtime 1648219944): 22 files, no impossibilities.
# C:\Program Files\NVIDIA GPU Computing Toolkit\CUDA\v11.6\bin (key C:/Program Files/NVIDIA GPU Computing Toolkit/CUDA/v11.6/bin, mtime 1649715814): 52 files, no impossibilities.
# C:\Windows\System32\Wbem (key C:/Windows/System32/Wbem, mtime 1657874639): 154 files, no impossibilities.
# C:\Users\wbarr\AppData\Local\Microsoft\WindowsApps (key C:/Users/wbarr/AppData/Local/Microsoft/WindowsApps, mtime 1659551578): 13 files, no impossibilities.
# C:\Program Files\Python310 (key C:/Program Files/Python310, mtime 1644832616): 28 files, no impossibilities.
# C:\Windows\system32 (key C:/Windows/system32, mtime 1659615285): 3025 files, no impossibilities.
# C:\Users\wbarr\AppData\Local\Programs\Microsoft VS Code\bin (key C:/Users/wbarr/AppData/Local/Programs/Microsoft VS Code/bin, mtime 1660039576): 4 files, no impossibilities.
# C:\Program Files\MATLAB\R2018a\runtime\win64 (key C:/Program Files/MATLAB/R2018a/runtime/win64, mtime 1648219943): 10 files, no impossibilities.

# 3687 files, no impossibilities in 20 directories.

# Implicit Rules

# No implicit rules.

# Files

# Not a target:
myFunc2.h:
#  Implicit rule search has been done.
#  Last modified 2022-08-09 07:17:11
#  File has been updated.
#  Successfully updated.

all: main.exe
#  Command line target.
#  Implicit rule search has not been done.
#  File does not exist.
#  File has been updated.
#  Needs to be updated (-q is set).
# variable set hash-table stats:
# Load=0/32=0%, Rehash=0, Collisions=0/6=0%
#  recipe to execute (from 'makefile', line 47):
	@echo Compiling 'all' complete!

# Not a target:
myFunc2.cpp:
#  Implicit rule search has not been done.
#  Modification time never checked.
#  File has not been updated.

# Not a target:
outros.h:
#  Implicit rule search has been done.
#  Last modified 2021-10-10 23:08:40
#  File has been updated.
#  Successfully updated.

main.exe: main.o myFunc1.o myFunc2.o myFunc3.o
#  Implicit rule search has not been done.
#  File does not exist.
#  File has been updated.
#  Needs to be updated (-q is set).
# variable set hash-table stats:
# Load=0/32=0%, Rehash=0, Collisions=0/6=0%
#  recipe to execute (from 'makefile', line 51):
	$(CC) $(FLAGS) $(OBJECTS) -o $(OUTPUTMAIN) $(MATH)
	

# Not a target:
.SUFFIXES:
#  Implicit rule search has not been done.
#  Modification time never checked.
#  File has not been updated.

# Not a target:
makefile:
#  Implicit rule search has been done.
#  Last modified 2022-08-09 08:35:55
#  File has been updated.
#  Successfully updated.

# Not a target:
main.cpp:
#  Implicit rule search has been done.
#  Last modified 2022-08-09 07:17:16
#  File has been updated.
#  Successfully updated.

myFunc1.o: myFunc1.cpp myFunc1.h
#  Implicit rule search has not been done.
#  Modification time never checked.
#  File has not been updated.
#  recipe to execute (from 'makefile', line 59):
	$(CC) $(FLAGS) -c myFunc1.cpp

# Not a target:
myFunc3.h:
#  Implicit rule search has been done.
#  Last modified 2021-10-10 23:16:29
#  File has been updated.
#  Successfully updated.

# Not a target:
myFunc3.cpp:
#  Implicit rule search has not been done.
#  Modification time never checked.
#  File has not been updated.

# Not a target:
.DEFAULT:
#  Implicit rule search has not been done.
#  Modification time never checked.
#  File has not been updated.

myFunc2.o: myFunc2.cpp myFunc1.h myFunc2.h
#  Implicit rule search has not been done.
#  Modification time never checked.
#  File has not been updated.
#  recipe to execute (from 'makefile', line 63):
	$(CC) $(FLAGS) -c myFunc2.cpp

run: all
#  Implicit rule search has not been done.
#  Modification time never checked.
#  File has not been updated.
#  recipe to execute (from 'makefile', line 76):
	./$(OUTPUTMAIN)
	@echo Executing 'all' complete!!!

clean:
#  Implicit rule search has not been done.
#  Modification time never checked.
#  File has not been updated.
#  recipe to execute (from 'makefile', line 71):
	$(RM) $(OBJECTS)
	$(RM) $(OUTPUTMAIN)
	@echo Cleanup complete!!!

main.o: main.cpp myFunc1.h myFunc2.h myFunc3.h outros.h
#  Implicit rule search has not been done.
#  Implicit/static pattern stem: ''
#  File does not exist.
#  File has been updated.
#  Needs to be updated (-q is set).
# automatic
# @ := main.o
# automatic
# % := 
# automatic
# * := 
# automatic
# + := main.cpp myFunc1.h myFunc2.h myFunc3.h outros.h
# automatic
# | := 
# automatic
# < := main.cpp
# automatic
# ^ := main.cpp myFunc1.h myFunc2.h myFunc3.h outros.h
# automatic
# ? := main.cpp myFunc1.h myFunc2.h myFunc3.h outros.h
# variable set hash-table stats:
# Load=8/32=25%, Rehash=0, Collisions=1/14=7%
#  recipe to execute (from 'makefile', line 55):
	$(CC) $(FLAGS) -c $(MAIN).cpp
	

# Not a target:
myFunc1.h:
#  Implicit rule search has been done.
#  Last modified 2021-10-10 23:20:29
#  File has been updated.
#  Successfully updated.

# Not a target:
myFunc1.cpp:
#  Implicit rule search has not been done.
#  Modification time never checked.
#  File has not been updated.

myFunc3.o: myFunc3.cpp myFunc3.h outros.h
#  Implicit rule search has not been done.
#  Modification time never checked.
#  File has not been updated.
#  recipe to execute (from 'makefile', line 68):
	$(CC) $(FLAGS) -c myFunc3.cpp

# files hash-table stats:
# Load=19/1024=2%, Rehash=0, Collisions=0/55=0%
# VPATH Search Paths

# No 'vpath' search paths.

# No general ('VPATH' variable) search path.

# strcache buffers: 7 (6) / strings = 3663 / storage = 54763 B / avg = 14 B
# current buf: size = 8174 B / used = 5775 B / count = 379 / avg = 15 B
# other used: total = 46589 B / count = 3284 / avg = 14 B
# other free: total = 56 B / max = 13 B / min = 4 B / avg = 9 B

# strcache performance: lookups = 3749 / hit rate = 2%
# hash-table stats:
# Load=3663/8192=45%, Rehash=0, Collisions=1339/3749=36%
# Finished Make data base on Tue Aug 09 08:35:56 2022

 
